{"level":"info","message":"1700906779214 ReqURL: /api/likes/4 reqBody: {\"content\":\"Greate Content 3\"}"}
{"level":"info","message":"1,700,906,823,025 ReqURL: /api/signup reqBody: {\"name\":\"Malli\",\"email\":\"test@g.com\",\"password\":\"tested\"}"}
{"level":"info","message":"11/25/2023, 3:40:29 PM ReqURL: /api/signup reqBody: {\"name\":\"Malli\",\"email\":\"test@g.com\",\"password\":\"tested\"}"}
{"level":"info","message":"11/25/2023, 3:48:53 PM ReqURL: /api/signup reqBody: {}"}
{"level":"info","message":"11/25/2023, 3:49:25 PM ReqURL: /api/signup reqBody: {\"name\":\"Malli\",\"email\":\"test@g.com\",\"password\":\"tested\"}"}
{"level":"info","message":"11/25/2023, 4:00:36 PM ReqURL: /api/signins reqBody: {\"email\":\"test@g.com\",\"password\":\"tested\"}"}
{"level":"info","message":"11/25/2023, 4:00:59 PM ReqURL: /api/likes/4 reqBody: {\"content\":\"Greate Content 3\"}"}
{"level":"info","message":"11/25/2023, 4:09:05 PM ReqURL: /api/likes/4 reqBody: {\"content\":\"Greate Content 3\"}"}
{"level":"info","message":"11/25/2023, 4:09:58 PM ReqURL: /api/likes/4 reqBody: {\"content\":\"Greate Content 3\"}"}
{"level":"info","message":"11/25/2023, 4:10:05 PM ReqURL: /api/likes/4 error:Likes Not Found"}
{"level":"info","message":"11/25/2023, 4:30:53 PM ReqURL: /api-docs reqBody: {}"}
{"level":"info","message":"11/25/2023, 4:30:55 PM ReqURL: /api-docs/ reqBody: {}"}
{"level":"info","message":"11/25/2023, 4:30:59 PM ReqURL: /api-docs/swagger-ui.css reqBody: {}"}
{"level":"info","message":"11/25/2023, 4:30:59 PM ReqURL: /api-docs/swagger-ui-bundle.js reqBody: {}"}
{"level":"info","message":"11/25/2023, 4:30:59 PM ReqURL: /api-docs/swagger-ui-standalone-preset.js reqBody: {}"}
{"level":"info","message":"11/25/2023, 4:30:59 PM ReqURL: /api-docs/swagger-ui-init.js reqBody: {}"}
{"level":"info","message":"11/25/2023, 4:31:00 PM ReqURL: /api-docs/favicon-32x32.png reqBody: {}"}
{"level":"info","message":"11/25/2023, 4:33:38 PM ReqURL: /api-docs/ reqBody: {}"}
{"level":"info","message":"11/25/2023, 4:33:38 PM ReqURL: /api-docs/swagger-ui-bundle.js reqBody: {}"}
{"level":"info","message":"11/25/2023, 4:33:38 PM ReqURL: /api-docs/swagger-ui-init.js reqBody: {}"}
{"level":"info","message":"11/25/2023, 4:33:38 PM ReqURL: /api-docs/swagger-ui.css reqBody: {}"}
{"level":"info","message":"11/25/2023, 4:33:38 PM ReqURL: /api-docs/swagger-ui-standalone-preset.js reqBody: {}"}
{"level":"info","message":"11/25/2023, 4:33:38 PM ReqURL: /api-docs/favicon-32x32.png reqBody: {}"}
{"level":"info","message":"11/25/2023, 4:42:25 PM ReqURL: /api-docs/ reqBody: {}"}
{"level":"info","message":"11/25/2023, 4:42:25 PM ReqURL: /api-docs/swagger-ui-bundle.js reqBody: {}"}
{"level":"info","message":"11/25/2023, 4:42:25 PM ReqURL: /api-docs/swagger-ui.css reqBody: {}"}
{"level":"info","message":"11/25/2023, 4:42:25 PM ReqURL: /api-docs/swagger-ui-standalone-preset.js reqBody: {}"}
{"level":"info","message":"11/25/2023, 4:42:25 PM ReqURL: /api-docs/swagger-ui-init.js reqBody: {}"}
{"level":"info","message":"11/25/2023, 4:42:26 PM ReqURL: /api-docs/favicon-32x32.png reqBody: {}"}
{"level":"info","message":"11/25/2023, 4:42:41 PM ReqURL: /api-docs/swagger-ui.css reqBody: {}"}
{"level":"info","message":"11/25/2023, 4:42:41 PM ReqURL: /api-docs/swagger-ui-bundle.js.map reqBody: {}"}
{"level":"info","message":"11/25/2023, 4:42:42 PM ReqURL: /api-docs/swagger-ui.css.map reqBody: {}"}
{"level":"info","message":"11/25/2023, 4:42:42 PM ReqURL: /api-docs/swagger-ui-standalone-preset.js.map reqBody: {}"}
{"level":"info","message":"11/25/2023, 4:42:48 PM ReqURL: /api-docs/ reqBody: {}"}
{"level":"info","message":"11/25/2023, 4:42:48 PM ReqURL: /api-docs/swagger-ui.css reqBody: {}"}
{"level":"info","message":"11/25/2023, 4:42:48 PM ReqURL: /api-docs/swagger-ui-bundle.js reqBody: {}"}
{"level":"info","message":"11/25/2023, 4:42:48 PM ReqURL: /api-docs/swagger-ui-init.js reqBody: {}"}
{"level":"info","message":"11/25/2023, 4:42:48 PM ReqURL: /api-docs/swagger-ui-standalone-preset.js reqBody: {}"}
{"level":"info","message":"11/25/2023, 4:42:48 PM ReqURL: /api-docs/swagger-ui.css.map reqBody: {}"}
{"level":"info","message":"11/25/2023, 4:42:49 PM ReqURL: /api-docs/swagger-ui-bundle.js.map reqBody: {}"}
{"level":"info","message":"11/25/2023, 4:42:49 PM ReqURL: /api-docs/swagger-ui-standalone-preset.js.map reqBody: {}"}
{"level":"info","message":"11/25/2023, 4:42:49 PM ReqURL: /api-docs/favicon-32x32.png reqBody: {}"}
{"level":"info","message":"11/25/2023, 4:44:15 PM ReqURL: /api-docs/ reqBody: {}"}
{"level":"info","message":"11/25/2023, 4:44:15 PM ReqURL: /api-docs/swagger-ui-bundle.js reqBody: {}"}
{"level":"info","message":"11/25/2023, 4:44:15 PM ReqURL: /api-docs/swagger-ui-standalone-preset.js reqBody: {}"}
{"level":"info","message":"11/25/2023, 4:44:15 PM ReqURL: /api-docs/swagger-ui-init.js reqBody: {}"}
{"level":"info","message":"11/25/2023, 4:44:15 PM ReqURL: /api-docs/swagger-ui.css reqBody: {}"}
{"level":"info","message":"11/25/2023, 4:44:15 PM ReqURL: /api-docs/swagger-ui.css.map reqBody: {}"}
{"level":"info","message":"11/25/2023, 4:44:16 PM ReqURL: /api-docs/swagger-ui-bundle.js.map reqBody: {}"}
{"level":"info","message":"11/25/2023, 4:44:16 PM ReqURL: /api-docs/swagger-ui-standalone-preset.js.map reqBody: {}"}
{"level":"info","message":"11/25/2023, 4:44:16 PM ReqURL: /api-docs/favicon-32x32.png reqBody: {}"}
{"level":"info","message":"11/25/2023, 4:49:23 PM ReqURL: /api-docs/ reqBody: {}"}
{"level":"info","message":"11/25/2023, 4:49:23 PM ReqURL: /api-docs/swagger-ui.css reqBody: {}"}
{"level":"info","message":"11/25/2023, 4:49:23 PM ReqURL: /api-docs/swagger-ui-bundle.js reqBody: {}"}
{"level":"info","message":"11/25/2023, 4:49:23 PM ReqURL: /api-docs/swagger-ui-standalone-preset.js reqBody: {}"}
{"level":"info","message":"11/25/2023, 4:49:23 PM ReqURL: /api-docs/swagger-ui-init.js reqBody: {}"}
{"level":"info","message":"11/25/2023, 4:49:23 PM ReqURL: /api-docs/swagger-ui.css.map reqBody: {}"}
{"level":"info","message":"11/25/2023, 4:49:24 PM ReqURL: /api-docs/swagger-ui-bundle.js.map reqBody: {}"}
{"level":"info","message":"11/25/2023, 4:49:24 PM ReqURL: /api-docs/swagger-ui-standalone-preset.js.map reqBody: {}"}
{"level":"info","message":"11/25/2023, 4:49:25 PM ReqURL: /api-docs/favicon-32x32.png reqBody: {}"}
{"level":"info","message":"11/25/2023, 4:50:25 PM ReqURL: /api-docs/ reqBody: {}"}
{"level":"info","message":"11/25/2023, 4:50:25 PM ReqURL: /api-docs/swagger-ui.css reqBody: {}"}
{"level":"info","message":"11/25/2023, 4:50:25 PM ReqURL: /api-docs/swagger-ui-bundle.js reqBody: {}"}
{"level":"info","message":"11/25/2023, 4:50:25 PM ReqURL: /api-docs/swagger-ui-init.js reqBody: {}"}
{"level":"info","message":"11/25/2023, 4:50:25 PM ReqURL: /api-docs/swagger-ui-standalone-preset.js reqBody: {}"}
{"level":"info","message":"11/25/2023, 4:50:26 PM ReqURL: /api-docs/favicon-32x32.png reqBody: {}"}
{"level":"info","message":"11/25/2023, 4:51:10 PM ReqURL: /api-docs/ reqBody: {}"}
{"level":"info","message":"11/25/2023, 4:51:10 PM ReqURL: /api-docs/swagger-ui.css reqBody: {}"}
{"level":"info","message":"11/25/2023, 4:51:10 PM ReqURL: /api-docs/swagger-ui-bundle.js reqBody: {}"}
{"level":"info","message":"11/25/2023, 4:51:10 PM ReqURL: /api-docs/swagger-ui-standalone-preset.js reqBody: {}"}
{"level":"info","message":"11/25/2023, 4:51:10 PM ReqURL: /api-docs/swagger-ui-init.js reqBody: {}"}
{"level":"info","message":"11/25/2023, 4:51:11 PM ReqURL: /api-docs/favicon-32x32.png reqBody: {}"}
{"level":"info","message":"11/25/2023, 4:51:52 PM ReqURL: /api-docs/ reqBody: {}"}
{"level":"info","message":"11/25/2023, 4:51:53 PM ReqURL: /api-docs/swagger-ui.css reqBody: {}"}
{"level":"info","message":"11/25/2023, 4:51:53 PM ReqURL: /api-docs/swagger-ui-bundle.js reqBody: {}"}
{"level":"info","message":"11/25/2023, 4:51:53 PM ReqURL: /api-docs/swagger-ui-standalone-preset.js reqBody: {}"}
{"level":"info","message":"11/25/2023, 4:51:53 PM ReqURL: /api-docs/swagger-ui-init.js reqBody: {}"}
{"level":"info","message":"11/25/2023, 4:51:53 PM ReqURL: /api-docs/favicon-32x32.png reqBody: {}"}
{"level":"info","message":"11/25/2023, 5:52:03 PM ReqURL: /api-docs/ reqBody: {}"}
{"level":"info","message":"11/25/2023, 5:52:03 PM ReqURL: /api-docs/swagger-ui-bundle.js reqBody: {}"}
{"level":"info","message":"11/25/2023, 5:52:03 PM ReqURL: /api-docs/swagger-ui-init.js reqBody: {}"}
{"level":"info","message":"11/25/2023, 5:52:03 PM ReqURL: /api-docs/swagger-ui-standalone-preset.js reqBody: {}"}
{"level":"info","message":"11/25/2023, 5:52:03 PM ReqURL: /api-docs/swagger-ui.css reqBody: {}"}
{"level":"info","message":"11/25/2023, 5:52:04 PM ReqURL: /api-docs/favicon-32x32.png reqBody: {}"}
{"level":"info","message":"11/25/2023, 5:54:02 PM ReqURL: /api-docs/ reqBody: {}"}
{"level":"info","message":"11/25/2023, 5:54:02 PM ReqURL: /api-docs/swagger-ui.css reqBody: {}"}
{"level":"info","message":"11/25/2023, 5:54:03 PM ReqURL: /api-docs/swagger-ui-bundle.js reqBody: {}"}
{"level":"info","message":"11/25/2023, 5:54:03 PM ReqURL: /api-docs/swagger-ui-standalone-preset.js reqBody: {}"}
{"level":"info","message":"11/25/2023, 5:54:03 PM ReqURL: /api-docs/swagger-ui-init.js reqBody: {}"}
{"level":"info","message":"11/25/2023, 5:54:03 PM ReqURL: /api-docs/favicon-32x32.png reqBody: {}"}
{"level":"info","message":"11/25/2023, 5:54:18 PM ReqURL: /comments/2 reqBody: {}"}
{"level":"info","message":"11/25/2023, 5:54:47 PM ReqURL: /comments/2 reqBody: {}"}
{"level":"info","message":"11/25/2023, 5:54:59 PM ReqURL: /api/comments/2 reqBody: {}"}
{"level":"info","message":"11/25/2023, 5:55:24 PM ReqURL: /api-docs/ reqBody: {}"}
{"level":"info","message":"11/25/2023, 5:55:24 PM ReqURL: /api-docs/swagger-ui.css reqBody: {}"}
{"level":"info","message":"11/25/2023, 5:55:24 PM ReqURL: /api-docs/swagger-ui-bundle.js reqBody: {}"}
{"level":"info","message":"11/25/2023, 5:55:24 PM ReqURL: /api-docs/swagger-ui-standalone-preset.js reqBody: {}"}
{"level":"info","message":"11/25/2023, 5:55:24 PM ReqURL: /api-docs/swagger-ui-init.js reqBody: {}"}
{"level":"info","message":"11/25/2023, 5:55:24 PM ReqURL: /api-docs/favicon-32x32.png reqBody: {}"}
{"level":"info","message":"11/25/2023, 5:55:34 PM ReqURL: /api/comments/1 reqBody: {}"}
{"level":"info","message":"11/25/2023, 5:56:48 PM ReqURL: /api-docs/ reqBody: {}"}
{"level":"info","message":"11/25/2023, 5:56:49 PM ReqURL: /api-docs/swagger-ui.css reqBody: {}"}
{"level":"info","message":"11/25/2023, 5:56:49 PM ReqURL: /api-docs/swagger-ui-bundle.js reqBody: {}"}
{"level":"info","message":"11/25/2023, 5:56:49 PM ReqURL: /api-docs/swagger-ui-standalone-preset.js reqBody: {}"}
{"level":"info","message":"11/25/2023, 5:56:49 PM ReqURL: /api-docs/swagger-ui-init.js reqBody: {}"}
{"level":"info","message":"11/25/2023, 5:56:49 PM ReqURL: /api-docs/favicon-32x32.png reqBody: {}"}
{"level":"info","message":"11/25/2023, 5:57:37 PM ReqURL: /api-docs/ reqBody: {}"}
{"level":"info","message":"11/25/2023, 5:57:37 PM ReqURL: /api-docs/swagger-ui.css reqBody: {}"}
{"level":"info","message":"11/25/2023, 5:57:37 PM ReqURL: /api-docs/swagger-ui-bundle.js reqBody: {}"}
{"level":"info","message":"11/25/2023, 5:57:37 PM ReqURL: /api-docs/swagger-ui-standalone-preset.js reqBody: {}"}
{"level":"info","message":"11/25/2023, 5:57:37 PM ReqURL: /api-docs/swagger-ui-init.js reqBody: {}"}
{"level":"info","message":"11/25/2023, 5:57:37 PM ReqURL: /api-docs/favicon-32x32.png reqBody: {}"}
{"level":"info","message":"11/25/2023, 5:57:45 PM ReqURL: /api-docs/ reqBody: {}"}
{"level":"info","message":"11/25/2023, 5:57:46 PM ReqURL: /api-docs/swagger-ui.css reqBody: {}"}
{"level":"info","message":"11/25/2023, 5:57:46 PM ReqURL: /api-docs/swagger-ui-bundle.js reqBody: {}"}
{"level":"info","message":"11/25/2023, 5:57:46 PM ReqURL: /api-docs/swagger-ui-init.js reqBody: {}"}
{"level":"info","message":"11/25/2023, 5:57:46 PM ReqURL: /api-docs/swagger-ui-standalone-preset.js reqBody: {}"}
{"level":"info","message":"11/25/2023, 5:57:46 PM ReqURL: /api-docs/favicon-32x32.png reqBody: {}"}
{"level":"info","message":"11/25/2023, 5:58:29 PM ReqURL: /api-docs/ reqBody: {}"}
{"level":"info","message":"11/25/2023, 5:58:29 PM ReqURL: /api-docs/swagger-ui.css reqBody: {}"}
{"level":"info","message":"11/25/2023, 5:58:29 PM ReqURL: /api-docs/swagger-ui-bundle.js reqBody: {}"}
{"level":"info","message":"11/25/2023, 5:58:29 PM ReqURL: /api-docs/swagger-ui-standalone-preset.js reqBody: {}"}
{"level":"info","message":"11/25/2023, 5:58:29 PM ReqURL: /api-docs/swagger-ui-init.js reqBody: {}"}
{"level":"info","message":"11/25/2023, 5:58:29 PM ReqURL: /api-docs/favicon-32x32.png reqBody: {}"}
{"level":"info","message":"11/25/2023, 5:58:54 PM ReqURL: /api-docs/ reqBody: {}"}
{"level":"info","message":"11/25/2023, 5:58:54 PM ReqURL: /api-docs/swagger-ui.css reqBody: {}"}
{"level":"info","message":"11/25/2023, 5:58:54 PM ReqURL: /api-docs/swagger-ui-bundle.js reqBody: {}"}
{"level":"info","message":"11/25/2023, 5:58:54 PM ReqURL: /api-docs/swagger-ui-standalone-preset.js reqBody: {}"}
{"level":"info","message":"11/25/2023, 5:58:54 PM ReqURL: /api-docs/swagger-ui-init.js reqBody: {}"}
{"level":"info","message":"11/25/2023, 5:58:55 PM ReqURL: /api-docs/favicon-32x32.png reqBody: {}"}
{"level":"info","message":"11/25/2023, 6:02:44 PM ReqURL: /api-docs/ reqBody: {}"}
{"level":"info","message":"11/25/2023, 6:02:44 PM ReqURL: /api-docs/swagger-ui.css reqBody: {}"}
{"level":"info","message":"11/25/2023, 6:02:44 PM ReqURL: /api-docs/swagger-ui-bundle.js reqBody: {}"}
{"level":"info","message":"11/25/2023, 6:02:44 PM ReqURL: /api-docs/swagger-ui-standalone-preset.js reqBody: {}"}
{"level":"info","message":"11/25/2023, 6:02:44 PM ReqURL: /api-docs/swagger-ui-init.js reqBody: {}"}
{"level":"info","message":"11/25/2023, 6:02:45 PM ReqURL: /api-docs/favicon-32x32.png reqBody: {}"}
{"level":"info","message":"11/25/2023, 6:06:28 PM ReqURL: /api-docs/ reqBody: {}"}
{"level":"info","message":"11/25/2023, 6:06:28 PM ReqURL: /api-docs/swagger-ui.css reqBody: {}"}
{"level":"info","message":"11/25/2023, 6:06:28 PM ReqURL: /api-docs/swagger-ui-bundle.js reqBody: {}"}
{"level":"info","message":"11/25/2023, 6:06:28 PM ReqURL: /api-docs/swagger-ui-standalone-preset.js reqBody: {}"}
{"level":"info","message":"11/25/2023, 6:06:28 PM ReqURL: /api-docs/swagger-ui-init.js reqBody: {}"}
{"level":"info","message":"11/25/2023, 6:06:29 PM ReqURL: /api-docs/favicon-32x32.png reqBody: {}"}
{"level":"info","message":"11/25/2023, 6:20:20 PM ReqURL: /api-docs/ reqBody: {}"}
{"level":"info","message":"11/25/2023, 6:20:20 PM ReqURL: /api-docs/swagger-ui.css reqBody: {}"}
{"level":"info","message":"11/25/2023, 6:20:20 PM ReqURL: /api-docs/swagger-ui-bundle.js reqBody: {}"}
{"level":"info","message":"11/25/2023, 6:20:20 PM ReqURL: /api-docs/swagger-ui-standalone-preset.js reqBody: {}"}
{"level":"info","message":"11/25/2023, 6:20:20 PM ReqURL: /api-docs/swagger-ui-init.js reqBody: {}"}
{"level":"info","message":"11/25/2023, 6:20:20 PM ReqURL: /api-docs/favicon-32x32.png reqBody: {}"}
{"level":"info","message":"11/25/2023, 6:20:23 PM ReqURL: /api-docs/ reqBody: {}"}
{"level":"info","message":"11/25/2023, 6:20:23 PM ReqURL: /api-docs/swagger-ui.css reqBody: {}"}
{"level":"info","message":"11/25/2023, 6:20:23 PM ReqURL: /api-docs/swagger-ui-bundle.js reqBody: {}"}
{"level":"info","message":"11/25/2023, 6:20:23 PM ReqURL: /api-docs/swagger-ui-standalone-preset.js reqBody: {}"}
{"level":"info","message":"11/25/2023, 6:20:23 PM ReqURL: /api-docs/swagger-ui-init.js reqBody: {}"}
{"level":"info","message":"11/25/2023, 6:20:23 PM ReqURL: /api-docs/favicon-32x32.png reqBody: {}"}
{"level":"info","message":"11/25/2023, 6:20:31 PM ReqURL: /api-docs/ reqBody: {}"}
{"level":"info","message":"11/25/2023, 6:20:31 PM ReqURL: /api-docs/swagger-ui.css reqBody: {}"}
{"level":"info","message":"11/25/2023, 6:20:31 PM ReqURL: /api-docs/swagger-ui-bundle.js reqBody: {}"}
{"level":"info","message":"11/25/2023, 6:20:31 PM ReqURL: /api-docs/swagger-ui-standalone-preset.js reqBody: {}"}
{"level":"info","message":"11/25/2023, 6:20:31 PM ReqURL: /api-docs/swagger-ui-init.js reqBody: {}"}
{"level":"info","message":"11/25/2023, 6:20:31 PM ReqURL: /api-docs/favicon-32x32.png reqBody: {}"}
{"level":"info","message":"11/25/2023, 6:20:34 PM ReqURL: /api-docs/ reqBody: {}"}
{"level":"info","message":"11/25/2023, 6:20:34 PM ReqURL: /api-docs/swagger-ui.css reqBody: {}"}
{"level":"info","message":"11/25/2023, 6:20:34 PM ReqURL: /api-docs/swagger-ui-bundle.js reqBody: {}"}
{"level":"info","message":"11/25/2023, 6:20:34 PM ReqURL: /api-docs/swagger-ui-standalone-preset.js reqBody: {}"}
{"level":"info","message":"11/25/2023, 6:20:34 PM ReqURL: /api-docs/swagger-ui-init.js reqBody: {}"}
{"level":"info","message":"11/25/2023, 6:20:34 PM ReqURL: /api-docs/favicon-32x32.png reqBody: {}"}
{"level":"info","message":"11/25/2023, 6:22:00 PM ReqURL: /api-docs/ reqBody: {}"}
{"level":"info","message":"11/25/2023, 6:22:00 PM ReqURL: /api-docs/swagger-ui.css reqBody: {}"}
{"level":"info","message":"11/25/2023, 6:22:00 PM ReqURL: /api-docs/swagger-ui-bundle.js reqBody: {}"}
{"level":"info","message":"11/25/2023, 6:22:00 PM ReqURL: /api-docs/swagger-ui-standalone-preset.js reqBody: {}"}
{"level":"info","message":"11/25/2023, 6:22:00 PM ReqURL: /api-docs/swagger-ui-init.js reqBody: {}"}
{"level":"info","message":"11/25/2023, 6:22:01 PM ReqURL: /api-docs/favicon-32x32.png reqBody: {}"}
{"level":"info","message":"11/25/2023, 6:22:04 PM ReqURL: /api-docs/ reqBody: {}"}
{"level":"info","message":"11/25/2023, 6:22:04 PM ReqURL: /api-docs/swagger-ui.css reqBody: {}"}
{"level":"info","message":"11/25/2023, 6:22:04 PM ReqURL: /api-docs/swagger-ui-bundle.js reqBody: {}"}
{"level":"info","message":"11/25/2023, 6:22:04 PM ReqURL: /api-docs/swagger-ui-standalone-preset.js reqBody: {}"}
{"level":"info","message":"11/25/2023, 6:22:04 PM ReqURL: /api-docs/swagger-ui-init.js reqBody: {}"}
{"level":"info","message":"11/25/2023, 6:22:05 PM ReqURL: /api-docs/favicon-32x32.png reqBody: {}"}
{"level":"info","message":"11/25/2023, 6:22:14 PM ReqURL: /api-docs/ reqBody: {}"}
{"level":"info","message":"11/25/2023, 6:22:14 PM ReqURL: /api-docs/swagger-ui.css reqBody: {}"}
{"level":"info","message":"11/25/2023, 6:22:14 PM ReqURL: /api-docs/swagger-ui-bundle.js reqBody: {}"}
{"level":"info","message":"11/25/2023, 6:22:14 PM ReqURL: /api-docs/swagger-ui-standalone-preset.js reqBody: {}"}
{"level":"info","message":"11/25/2023, 6:22:14 PM ReqURL: /api-docs/swagger-ui-init.js reqBody: {}"}
{"level":"info","message":"11/25/2023, 6:22:14 PM ReqURL: /api-docs/favicon-32x32.png reqBody: {}"}
{"level":"info","message":"11/25/2023, 6:22:32 PM ReqURL: /api-docs/ reqBody: {}"}
{"level":"info","message":"11/25/2023, 6:22:32 PM ReqURL: /api-docs/swagger-ui.css reqBody: {}"}
{"level":"info","message":"11/25/2023, 6:22:32 PM ReqURL: /api-docs/swagger-ui-bundle.js reqBody: {}"}
{"level":"info","message":"11/25/2023, 6:22:32 PM ReqURL: /api-docs/swagger-ui-standalone-preset.js reqBody: {}"}
{"level":"info","message":"11/25/2023, 6:22:32 PM ReqURL: /api-docs/swagger-ui-init.js reqBody: {}"}
{"level":"info","message":"11/25/2023, 6:22:33 PM ReqURL: /api-docs/favicon-32x32.png reqBody: {}"}
{"level":"info","message":"11/25/2023, 6:23:45 PM ReqURL: /api-docs/ reqBody: {}"}
{"level":"info","message":"11/25/2023, 6:23:45 PM ReqURL: /api-docs/swagger-ui.css reqBody: {}"}
{"level":"info","message":"11/25/2023, 6:23:45 PM ReqURL: /api-docs/swagger-ui-bundle.js reqBody: {}"}
{"level":"info","message":"11/25/2023, 6:23:45 PM ReqURL: /api-docs/swagger-ui-standalone-preset.js reqBody: {}"}
{"level":"info","message":"11/25/2023, 6:23:45 PM ReqURL: /api-docs/swagger-ui-init.js reqBody: {}"}
{"level":"info","message":"11/25/2023, 6:23:45 PM ReqURL: /api-docs/favicon-32x32.png reqBody: {}"}
{"level":"info","message":"11/25/2023, 6:24:00 PM ReqURL: /api-docs/ reqBody: {}"}
{"level":"info","message":"11/25/2023, 6:24:00 PM ReqURL: /api-docs/swagger-ui.css reqBody: {}"}
{"level":"info","message":"11/25/2023, 6:24:00 PM ReqURL: /api-docs/swagger-ui-bundle.js reqBody: {}"}
{"level":"info","message":"11/25/2023, 6:24:00 PM ReqURL: /api-docs/swagger-ui-standalone-preset.js reqBody: {}"}
{"level":"info","message":"11/25/2023, 6:24:00 PM ReqURL: /api-docs/swagger-ui-init.js reqBody: {}"}
{"level":"info","message":"11/25/2023, 6:24:00 PM ReqURL: /api-docs/favicon-32x32.png reqBody: {}"}
{"level":"info","message":"11/25/2023, 6:24:26 PM ReqURL: /api-docs/ reqBody: {}"}
{"level":"info","message":"11/25/2023, 6:24:26 PM ReqURL: /api-docs/swagger-ui.css reqBody: {}"}
{"level":"info","message":"11/25/2023, 6:24:26 PM ReqURL: /api-docs/swagger-ui-bundle.js reqBody: {}"}
{"level":"info","message":"11/25/2023, 6:24:26 PM ReqURL: /api-docs/swagger-ui-standalone-preset.js reqBody: {}"}
{"level":"info","message":"11/25/2023, 6:24:26 PM ReqURL: /api-docs/swagger-ui-init.js reqBody: {}"}
{"level":"info","message":"11/25/2023, 6:24:27 PM ReqURL: /api-docs/favicon-32x32.png reqBody: {}"}
{"level":"info","message":"11/25/2023, 6:24:38 PM ReqURL: /api-docs/ reqBody: {}"}
{"level":"info","message":"11/25/2023, 6:24:38 PM ReqURL: /api-docs/swagger-ui.css reqBody: {}"}
{"level":"info","message":"11/25/2023, 6:24:38 PM ReqURL: /api-docs/swagger-ui-bundle.js reqBody: {}"}
{"level":"info","message":"11/25/2023, 6:24:38 PM ReqURL: /api-docs/swagger-ui-standalone-preset.js reqBody: {}"}
{"level":"info","message":"11/25/2023, 6:24:38 PM ReqURL: /api-docs/swagger-ui-init.js reqBody: {}"}
{"level":"info","message":"11/25/2023, 6:24:38 PM ReqURL: /api-docs/favicon-32x32.png reqBody: {}"}
{"level":"info","message":"11/25/2023, 6:26:23 PM ReqURL: /api-docs/ reqBody: {}"}
{"level":"info","message":"11/25/2023, 6:26:23 PM ReqURL: /api-docs/swagger-ui.css reqBody: {}"}
{"level":"info","message":"11/25/2023, 6:26:23 PM ReqURL: /api-docs/swagger-ui-bundle.js reqBody: {}"}
{"level":"info","message":"11/25/2023, 6:26:23 PM ReqURL: /api-docs/swagger-ui-standalone-preset.js reqBody: {}"}
{"level":"info","message":"11/25/2023, 6:26:23 PM ReqURL: /api-docs/swagger-ui-init.js reqBody: {}"}
{"level":"info","message":"11/25/2023, 6:26:24 PM ReqURL: /api-docs/favicon-32x32.png reqBody: {}"}
{"level":"info","message":"11/25/2023, 6:26:46 PM ReqURL: /api-docs/ reqBody: {}"}
{"level":"info","message":"11/25/2023, 6:26:46 PM ReqURL: /api-docs/swagger-ui.css reqBody: {}"}
{"level":"info","message":"11/25/2023, 6:26:46 PM ReqURL: /api-docs/swagger-ui-bundle.js reqBody: {}"}
{"level":"info","message":"11/25/2023, 6:26:46 PM ReqURL: /api-docs/swagger-ui-standalone-preset.js reqBody: {}"}
{"level":"info","message":"11/25/2023, 6:26:46 PM ReqURL: /api-docs/swagger-ui-init.js reqBody: {}"}
{"level":"info","message":"11/25/2023, 6:26:46 PM ReqURL: /api-docs/favicon-32x32.png reqBody: {}"}
{"level":"info","message":"11/25/2023, 6:26:57 PM ReqURL: /api-docs/ reqBody: {}"}
{"level":"info","message":"11/25/2023, 6:26:57 PM ReqURL: /api-docs/swagger-ui.css reqBody: {}"}
{"level":"info","message":"11/25/2023, 6:26:57 PM ReqURL: /api-docs/swagger-ui-bundle.js reqBody: {}"}
{"level":"info","message":"11/25/2023, 6:26:57 PM ReqURL: /api-docs/swagger-ui-standalone-preset.js reqBody: {}"}
{"level":"info","message":"11/25/2023, 6:26:57 PM ReqURL: /api-docs/swagger-ui-init.js reqBody: {}"}
{"level":"info","message":"11/25/2023, 6:26:58 PM ReqURL: /api-docs/favicon-32x32.png reqBody: {}"}
{"level":"info","message":"11/25/2023, 6:27:34 PM ReqURL: /api-docs/ reqBody: {}"}
{"level":"info","message":"11/25/2023, 6:27:34 PM ReqURL: /api-docs/swagger-ui.css reqBody: {}"}
{"level":"info","message":"11/25/2023, 6:27:34 PM ReqURL: /api-docs/swagger-ui-bundle.js reqBody: {}"}
{"level":"info","message":"11/25/2023, 6:27:34 PM ReqURL: /api-docs/swagger-ui-init.js reqBody: {}"}
{"level":"info","message":"11/25/2023, 6:27:34 PM ReqURL: /api-docs/swagger-ui-standalone-preset.js reqBody: {}"}
{"level":"info","message":"11/25/2023, 6:27:34 PM ReqURL: /api-docs/favicon-32x32.png reqBody: {}"}
{"level":"info","message":"11/25/2023, 6:27:53 PM ReqURL: /api-docs/ reqBody: {}"}
{"level":"info","message":"11/25/2023, 6:27:54 PM ReqURL: /api-docs/swagger-ui.css reqBody: {}"}
{"level":"info","message":"11/25/2023, 6:27:54 PM ReqURL: /api-docs/swagger-ui-bundle.js reqBody: {}"}
{"level":"info","message":"11/25/2023, 6:27:54 PM ReqURL: /api-docs/swagger-ui-standalone-preset.js reqBody: {}"}
{"level":"info","message":"11/25/2023, 6:27:54 PM ReqURL: /api-docs/swagger-ui-init.js reqBody: {}"}
{"level":"info","message":"11/25/2023, 6:27:54 PM ReqURL: /api-docs/favicon-32x32.png reqBody: {}"}
{"level":"info","message":"11/25/2023, 6:28:01 PM ReqURL: /api-docs/ reqBody: {}"}
{"level":"info","message":"11/25/2023, 6:28:01 PM ReqURL: /api-docs/swagger-ui.css reqBody: {}"}
{"level":"info","message":"11/25/2023, 6:28:01 PM ReqURL: /api-docs/swagger-ui-bundle.js reqBody: {}"}
{"level":"info","message":"11/25/2023, 6:28:01 PM ReqURL: /api-docs/swagger-ui-standalone-preset.js reqBody: {}"}
{"level":"info","message":"11/25/2023, 6:28:01 PM ReqURL: /api-docs/swagger-ui-init.js reqBody: {}"}
{"level":"info","message":"11/25/2023, 6:28:01 PM ReqURL: /api-docs/favicon-32x32.png reqBody: {}"}
{"level":"info","message":"11/25/2023, 6:28:22 PM ReqURL: /api-docs/ reqBody: {}"}
{"level":"info","message":"11/25/2023, 6:28:22 PM ReqURL: /api-docs/swagger-ui.css reqBody: {}"}
{"level":"info","message":"11/25/2023, 6:28:22 PM ReqURL: /api-docs/swagger-ui-bundle.js reqBody: {}"}
{"level":"info","message":"11/25/2023, 6:28:22 PM ReqURL: /api-docs/swagger-ui-standalone-preset.js reqBody: {}"}
{"level":"info","message":"11/25/2023, 6:28:22 PM ReqURL: /api-docs/swagger-ui-init.js reqBody: {}"}
{"level":"info","message":"11/25/2023, 6:28:22 PM ReqURL: /api-docs/favicon-32x32.png reqBody: {}"}
{"level":"info","message":"11/25/2023, 6:30:16 PM ReqURL: /api-docs/ reqBody: {}"}
{"level":"info","message":"11/25/2023, 6:30:16 PM ReqURL: /api-docs/swagger-ui.css reqBody: {}"}
{"level":"info","message":"11/25/2023, 6:30:16 PM ReqURL: /api-docs/swagger-ui-init.js reqBody: {}"}
{"level":"info","message":"11/25/2023, 6:30:16 PM ReqURL: /api-docs/swagger-ui-bundle.js reqBody: {}"}
{"level":"info","message":"11/25/2023, 6:30:16 PM ReqURL: /api-docs/swagger-ui-standalone-preset.js reqBody: {}"}
{"level":"info","message":"11/25/2023, 6:30:17 PM ReqURL: /api-docs/favicon-32x32.png reqBody: {}"}
{"level":"info","message":"11/25/2023, 6:30:21 PM ReqURL: /api-docs/ reqBody: {}"}
{"level":"info","message":"11/25/2023, 6:30:21 PM ReqURL: /api-docs/swagger-ui.css reqBody: {}"}
{"level":"info","message":"11/25/2023, 6:30:21 PM ReqURL: /api-docs/swagger-ui-bundle.js reqBody: {}"}
{"level":"info","message":"11/25/2023, 6:30:22 PM ReqURL: /api-docs/swagger-ui-standalone-preset.js reqBody: {}"}
{"level":"info","message":"11/25/2023, 6:30:22 PM ReqURL: /api-docs/swagger-ui-init.js reqBody: {}"}
{"level":"info","message":"11/25/2023, 6:30:22 PM ReqURL: /api-docs/favicon-32x32.png reqBody: {}"}
{"level":"info","message":"11/25/2023, 6:30:26 PM ReqURL: /api-docs/ reqBody: {}"}
{"level":"info","message":"11/25/2023, 6:30:26 PM ReqURL: /api-docs/swagger-ui.css reqBody: {}"}
{"level":"info","message":"11/25/2023, 6:30:26 PM ReqURL: /api-docs/swagger-ui-bundle.js reqBody: {}"}
{"level":"info","message":"11/25/2023, 6:30:26 PM ReqURL: /api-docs/swagger-ui-standalone-preset.js reqBody: {}"}
{"level":"info","message":"11/25/2023, 6:30:26 PM ReqURL: /api-docs/swagger-ui-init.js reqBody: {}"}
{"level":"info","message":"11/25/2023, 6:30:26 PM ReqURL: /api-docs/favicon-32x32.png reqBody: {}"}
{"level":"info","message":"11/25/2023, 6:30:27 PM ReqURL: /api-docs/ reqBody: {}"}
{"level":"info","message":"11/25/2023, 6:30:27 PM ReqURL: /api-docs/swagger-ui.css reqBody: {}"}
{"level":"info","message":"11/25/2023, 6:30:27 PM ReqURL: /api-docs/swagger-ui-bundle.js reqBody: {}"}
{"level":"info","message":"11/25/2023, 6:30:27 PM ReqURL: /api-docs/swagger-ui-init.js reqBody: {}"}
{"level":"info","message":"11/25/2023, 6:30:27 PM ReqURL: /api-docs/swagger-ui-standalone-preset.js reqBody: {}"}
{"level":"info","message":"11/25/2023, 6:30:27 PM ReqURL: /api-docs/favicon-32x32.png reqBody: {}"}
{"level":"info","message":"11/25/2023, 6:30:36 PM ReqURL: /api-docs/ reqBody: {}"}
{"level":"info","message":"11/25/2023, 6:30:36 PM ReqURL: /api-docs/swagger-ui.css reqBody: {}"}
{"level":"info","message":"11/25/2023, 6:30:37 PM ReqURL: /api-docs/swagger-ui-bundle.js reqBody: {}"}
{"level":"info","message":"11/25/2023, 6:30:37 PM ReqURL: /api-docs/swagger-ui-standalone-preset.js reqBody: {}"}
{"level":"info","message":"11/25/2023, 6:30:37 PM ReqURL: /api-docs/swagger-ui-init.js reqBody: {}"}
{"level":"info","message":"11/25/2023, 6:30:37 PM ReqURL: /api-docs/favicon-32x32.png reqBody: {}"}
{"level":"info","message":"11/25/2023, 6:30:37 PM ReqURL: /api-docs/ reqBody: {}"}
{"level":"info","message":"11/25/2023, 6:30:37 PM ReqURL: /api-docs/swagger-ui.css reqBody: {}"}
{"level":"info","message":"11/25/2023, 6:30:37 PM ReqURL: /api-docs/swagger-ui-bundle.js reqBody: {}"}
{"level":"info","message":"11/25/2023, 6:30:37 PM ReqURL: /api-docs/swagger-ui-standalone-preset.js reqBody: {}"}
{"level":"info","message":"11/25/2023, 6:30:37 PM ReqURL: /api-docs/swagger-ui-init.js reqBody: {}"}
{"level":"info","message":"11/25/2023, 6:30:38 PM ReqURL: /api-docs/favicon-32x32.png reqBody: {}"}
{"level":"info","message":"11/25/2023, 6:30:38 PM ReqURL: /api-docs/ reqBody: {}"}
{"level":"info","message":"11/25/2023, 6:30:38 PM ReqURL: /api-docs/swagger-ui.css reqBody: {}"}
{"level":"info","message":"11/25/2023, 6:30:38 PM ReqURL: /api-docs/swagger-ui-bundle.js reqBody: {}"}
{"level":"info","message":"11/25/2023, 6:30:38 PM ReqURL: /api-docs/swagger-ui-standalone-preset.js reqBody: {}"}
{"level":"info","message":"11/25/2023, 6:30:38 PM ReqURL: /api-docs/swagger-ui-init.js reqBody: {}"}
{"level":"info","message":"11/25/2023, 6:30:38 PM ReqURL: /api-docs/ reqBody: {}"}
{"level":"info","message":"11/25/2023, 6:30:38 PM ReqURL: /api-docs/swagger-ui.css reqBody: {}"}
{"level":"info","message":"11/25/2023, 6:30:38 PM ReqURL: /api-docs/swagger-ui-bundle.js reqBody: {}"}
{"level":"info","message":"11/25/2023, 6:30:38 PM ReqURL: /api-docs/swagger-ui-standalone-preset.js reqBody: {}"}
{"level":"info","message":"11/25/2023, 6:30:38 PM ReqURL: /api-docs/swagger-ui-init.js reqBody: {}"}
{"level":"info","message":"11/25/2023, 6:30:38 PM ReqURL: /api-docs/favicon-32x32.png reqBody: {}"}
{"level":"info","message":"11/25/2023, 6:31:00 PM ReqURL: /api-docs/ reqBody: {}"}
{"level":"info","message":"11/25/2023, 6:31:00 PM ReqURL: /api-docs/swagger-ui.css reqBody: {}"}
{"level":"info","message":"11/25/2023, 6:31:00 PM ReqURL: /api-docs/swagger-ui-bundle.js reqBody: {}"}
{"level":"info","message":"11/25/2023, 6:31:00 PM ReqURL: /api-docs/swagger-ui-standalone-preset.js reqBody: {}"}
{"level":"info","message":"11/25/2023, 6:31:00 PM ReqURL: /api-docs/swagger-ui-init.js reqBody: {}"}
{"level":"info","message":"11/25/2023, 6:31:01 PM ReqURL: /api-docs/favicon-32x32.png reqBody: {}"}
{"level":"info","message":"11/25/2023, 6:32:16 PM ReqURL: /api-docs/ reqBody: {}"}
{"level":"info","message":"11/25/2023, 6:32:17 PM ReqURL: /api-docs/swagger-ui.css reqBody: {}"}
{"level":"info","message":"11/25/2023, 6:32:17 PM ReqURL: /api-docs/swagger-ui-bundle.js reqBody: {}"}
{"level":"info","message":"11/25/2023, 6:32:17 PM ReqURL: /api-docs/swagger-ui-standalone-preset.js reqBody: {}"}
{"level":"info","message":"11/25/2023, 6:32:17 PM ReqURL: /api-docs/swagger-ui-init.js reqBody: {}"}
{"level":"info","message":"11/25/2023, 6:32:17 PM ReqURL: /api-docs/favicon-32x32.png reqBody: {}"}
{"level":"info","message":"11/25/2023, 6:33:24 PM ReqURL: /api-docs/ reqBody: {}"}
{"level":"info","message":"11/25/2023, 6:33:24 PM ReqURL: /api-docs/swagger-ui.css reqBody: {}"}
{"level":"info","message":"11/25/2023, 6:33:24 PM ReqURL: /api-docs/swagger-ui-bundle.js reqBody: {}"}
{"level":"info","message":"11/25/2023, 6:33:24 PM ReqURL: /api-docs/swagger-ui-standalone-preset.js reqBody: {}"}
{"level":"info","message":"11/25/2023, 6:33:24 PM ReqURL: /api-docs/swagger-ui-init.js reqBody: {}"}
{"level":"info","message":"11/25/2023, 6:33:24 PM ReqURL: /api-docs/favicon-32x32.png reqBody: {}"}
{"level":"info","message":"11/25/2023, 6:33:48 PM ReqURL: /api-docs/ reqBody: {}"}
{"level":"info","message":"11/25/2023, 6:33:48 PM ReqURL: /api-docs/swagger-ui.css reqBody: {}"}
{"level":"info","message":"11/25/2023, 6:33:48 PM ReqURL: /api-docs/swagger-ui-bundle.js reqBody: {}"}
{"level":"info","message":"11/25/2023, 6:33:48 PM ReqURL: /api-docs/swagger-ui-standalone-preset.js reqBody: {}"}
{"level":"info","message":"11/25/2023, 6:33:48 PM ReqURL: /api-docs/swagger-ui-init.js reqBody: {}"}
{"level":"info","message":"11/25/2023, 6:33:49 PM ReqURL: /api-docs/favicon-32x32.png reqBody: {}"}
{"level":"info","message":"11/25/2023, 6:34:22 PM ReqURL: /api-docs/ reqBody: {}"}
{"level":"info","message":"11/25/2023, 6:34:22 PM ReqURL: /api-docs/swagger-ui.css reqBody: {}"}
{"level":"info","message":"11/25/2023, 6:34:22 PM ReqURL: /api-docs/swagger-ui-bundle.js reqBody: {}"}
{"level":"info","message":"11/25/2023, 6:34:22 PM ReqURL: /api-docs/swagger-ui-standalone-preset.js reqBody: {}"}
{"level":"info","message":"11/25/2023, 6:34:22 PM ReqURL: /api-docs/swagger-ui-init.js reqBody: {}"}
{"level":"info","message":"11/25/2023, 6:34:23 PM ReqURL: /api-docs/favicon-32x32.png reqBody: {}"}
{"level":"info","message":"11/25/2023, 6:36:27 PM ReqURL: /api-docs/ reqBody: {}"}
{"level":"info","message":"11/25/2023, 6:36:27 PM ReqURL: /api-docs/swagger-ui.css reqBody: {}"}
{"level":"info","message":"11/25/2023, 6:36:27 PM ReqURL: /api-docs/swagger-ui-bundle.js reqBody: {}"}
{"level":"info","message":"11/25/2023, 6:36:27 PM ReqURL: /api-docs/swagger-ui-standalone-preset.js reqBody: {}"}
{"level":"info","message":"11/25/2023, 6:36:27 PM ReqURL: /api-docs/swagger-ui-init.js reqBody: {}"}
{"level":"info","message":"11/25/2023, 6:36:28 PM ReqURL: /api-docs/favicon-32x32.png reqBody: {}"}
{"level":"info","message":"11/25/2023, 6:37:34 PM ReqURL: /api-docs/ reqBody: {}"}
{"level":"info","message":"11/25/2023, 6:37:34 PM ReqURL: /api-docs/swagger-ui.css reqBody: {}"}
{"level":"info","message":"11/25/2023, 6:37:34 PM ReqURL: /api-docs/swagger-ui-bundle.js reqBody: {}"}
{"level":"info","message":"11/25/2023, 6:37:34 PM ReqURL: /api-docs/swagger-ui-standalone-preset.js reqBody: {}"}
{"level":"info","message":"11/25/2023, 6:37:34 PM ReqURL: /api-docs/swagger-ui-init.js reqBody: {}"}
{"level":"info","message":"11/25/2023, 6:37:34 PM ReqURL: /api-docs/favicon-32x32.png reqBody: {}"}
{"level":"info","message":"11/25/2023, 6:37:35 PM ReqURL: /api-docs/ reqBody: {}"}
{"level":"info","message":"11/25/2023, 6:37:35 PM ReqURL: /api-docs/swagger-ui.css reqBody: {}"}
{"level":"info","message":"11/25/2023, 6:37:35 PM ReqURL: /api-docs/swagger-ui-bundle.js reqBody: {}"}
{"level":"info","message":"11/25/2023, 6:37:35 PM ReqURL: /api-docs/swagger-ui-standalone-preset.js reqBody: {}"}
{"level":"info","message":"11/25/2023, 6:37:35 PM ReqURL: /api-docs/swagger-ui-init.js reqBody: {}"}
{"level":"info","message":"11/25/2023, 6:37:36 PM ReqURL: /api-docs/favicon-32x32.png reqBody: {}"}
{"level":"info","message":"11/25/2023, 6:37:46 PM ReqURL: /api-docs/ reqBody: {}"}
{"level":"info","message":"11/25/2023, 6:37:46 PM ReqURL: /api-docs/swagger-ui.css reqBody: {}"}
{"level":"info","message":"11/25/2023, 6:37:46 PM ReqURL: /api-docs/swagger-ui-bundle.js reqBody: {}"}
{"level":"info","message":"11/25/2023, 6:37:46 PM ReqURL: /api-docs/swagger-ui-standalone-preset.js reqBody: {}"}
{"level":"info","message":"11/25/2023, 6:37:46 PM ReqURL: /api-docs/swagger-ui-init.js reqBody: {}"}
{"level":"info","message":"11/25/2023, 6:37:46 PM ReqURL: /api-docs/favicon-32x32.png reqBody: {}"}
{"level":"info","message":"11/25/2023, 6:45:43 PM ReqURL: /api-docs/ reqBody: {}"}
{"level":"info","message":"11/25/2023, 6:45:43 PM ReqURL: /api-docs/swagger-ui.css reqBody: {}"}
{"level":"info","message":"11/25/2023, 6:45:43 PM ReqURL: /api-docs/swagger-ui-bundle.js reqBody: {}"}
{"level":"info","message":"11/25/2023, 6:45:43 PM ReqURL: /api-docs/swagger-ui-standalone-preset.js reqBody: {}"}
{"level":"info","message":"11/25/2023, 6:45:43 PM ReqURL: /api-docs/swagger-ui-init.js reqBody: {}"}
{"level":"info","message":"11/25/2023, 6:45:43 PM ReqURL: /api-docs/favicon-32x32.png reqBody: {}"}
{"level":"info","message":"11/25/2023, 6:46:41 PM ReqURL: /api-docs/ reqBody: {}"}
{"level":"info","message":"11/25/2023, 6:46:41 PM ReqURL: /api-docs/swagger-ui.css reqBody: {}"}
{"level":"info","message":"11/25/2023, 6:46:41 PM ReqURL: /api-docs/swagger-ui-bundle.js reqBody: {}"}
{"level":"info","message":"11/25/2023, 6:46:41 PM ReqURL: /api-docs/swagger-ui-standalone-preset.js reqBody: {}"}
{"level":"info","message":"11/25/2023, 6:46:41 PM ReqURL: /api-docs/swagger-ui-init.js reqBody: {}"}
{"level":"info","message":"11/25/2023, 6:46:42 PM ReqURL: /api-docs/favicon-32x32.png reqBody: {}"}
{"level":"info","message":"11/25/2023, 6:47:09 PM ReqURL: /api-docs/ reqBody: {}"}
{"level":"info","message":"11/25/2023, 6:47:09 PM ReqURL: /api-docs/swagger-ui.css reqBody: {}"}
{"level":"info","message":"11/25/2023, 6:47:09 PM ReqURL: /api-docs/swagger-ui-bundle.js reqBody: {}"}
{"level":"info","message":"11/25/2023, 6:47:09 PM ReqURL: /api-docs/swagger-ui-standalone-preset.js reqBody: {}"}
{"level":"info","message":"11/25/2023, 6:47:09 PM ReqURL: /api-docs/swagger-ui-init.js reqBody: {}"}
{"level":"info","message":"11/25/2023, 6:47:09 PM ReqURL: /api-docs/favicon-32x32.png reqBody: {}"}
